<?xml version="1.0" encoding="UTF-8"?>
<!-- Generated by org.testng.reporters.JUnitXMLReporter -->
<testsuite ignored="0" hostname="LAPTOP-R1C2DS9T" failures="0" tests="7" name="Test" time="60.974" errors="0" timestamp="11 Jul 2023 07:57:46 GMT">
  <testcase classname="com.qa.TestCases.ProductSearchPageTestCases" name="searchOfExistingProduct" time="3.0"/>
  <testcase classname="com.qa.TestCases.LoginPageTestCasesDDT" name="LoginwithValidCredentials" time="1.307"/>
  <testcase classname="com.qa.TestCases.LoginPageTestCasesDDT" name="LoginwithValidCredentials" time="1.45"/>
  <testcase classname="com.qa.TestCases.LoginPageTestCases" name="LoginwithValidCredentials" time="1.423"/>
  <testcase classname="com.qa.TestCases.ShoppingCartTestCases" name="ShoppingCartUpdate" time="7.256"/>
  <testcase classname="com.qa.TestCases.ProductPageTestCases" name="addToCartSuccessFully" time="2.93"/>
  <testcase classname="com.qa.TestCases.RegisterPageTestCases" name="registerWithMandatoryFields" time="1.867"/>
</testsuite> <!-- Test -->
